want=A got=A
want=B got=C
want=A got=C
want=A got=C
want=B got=B
want=B got=B
want=B got=C
want=B got=C
want=B got=A
want=B got=C
want=B got=B
want=A got=B
want=B got=C
want=B got=B
want=B got=C
want=B got=C
want=A got=B
want=A got=C
want=B got=B
want=B got=B
want=A got=C
want=B got=C
want=B got=C
want=B got=B
want=B got=B
want=B got=C
want=A got=C
want=A got=A
want=B got=B
want=B got=B
want=B got=C
want=B got=B
want=B got=B
want=B got=B
want=A got=C
want=A got=B
want=A got=C
want=A got=C
want=B got=C
want=A got=A
want=B got=B
want=B got=C
want=B got=B
want=A got=B
want=B got=B
want=B got=C
want=A got=C
want=B got=B
want=A got=B
want=B got=A
want=B got=B
want=A got=B
want=B got=B
want=A got=C
want=B got=B
want=A got=B
want=B got=A
want=A got=A
want=A got=C
want=B got=A
want=A got=C
want=B got=B
want=B got=B
want=B got=B
want=B got=C
want=B got=C
want=B got=C
want=B got=C
want=B got=B
want=A got=A
want=B got=C
want=B got=C
want=A got=C
want=B got=C
want=B got=C
want=A got=C
want=B got=B
want=A got=B
want=B got=B
want=B got=C
want=B got=C
want=A got=A
want=B got=A
want=A got=B
want=B got=B
want=B got=B
want=B got=C
want=B got=C
want=B got=C
want=B got=B
want=B got=C
want=B got=C
want=B got=B
want=B got=B
want=A got=B
want=B got=C
want=B got=C
want=A got=A
want=B got=C
want=B got=B
want=B got=B
want=B got=C
want=B got=C
want=B got=B
want=B got=B
want=B got=C
Label=A Precision=7/12 Recall=7/31
Label=B Precision=35/45 Recall=35/75
Label=C Precision=0/49 Recall=0/0