want=A got=A
want=B got=C
want=A got=C
want=A got=C
want=B got=B
want=B got=B
want=B got=C
want=B got=C
want=B got=A
want=B got=C
want=B got=B
want=A got=C
want=B got=C
want=B got=B
want=B got=C
want=B got=C
want=A got=B
want=A got=C
want=B got=B
want=B got=B
want=A got=C
want=B got=A
want=B got=C
want=B got=B
want=B got=B
want=B got=C
want=A got=C
want=A got=A
want=B got=B
want=B got=B
want=B got=C
want=B got=B
want=B got=B
want=B got=B
want=A got=C
want=A got=B
want=A got=C
want=A got=C
want=B got=C
want=A got=A
want=B got=B
want=B got=B
want=B got=B
want=A got=B
want=B got=B
want=B got=A
want=A got=C
want=B got=B
want=A got=B
want=B got=A
want=B got=B
want=A got=B
want=B got=B
want=A got=B
want=B got=B
want=A got=B
want=B got=A
want=A got=C
want=A got=C
want=B got=A
want=A got=C
want=B got=B
want=B got=B
want=B got=B
want=B got=C
want=B got=A
want=B got=C
want=B got=C
want=B got=B
want=A got=A
want=B got=C
want=B got=B
want=A got=C
want=B got=C
want=B got=C
want=A got=C
want=B got=B
want=A got=B
want=B got=B
want=B got=C
want=B got=C
want=A got=A
want=B got=A
want=A got=B
want=B got=B
want=B got=B
want=B got=C
want=B got=C
want=B got=A
want=B got=B
want=B got=C
want=B got=C
want=B got=B
want=B got=B
want=A got=B
want=B got=C
want=B got=B
want=A got=A
want=B got=C
want=B got=B
want=B got=B
want=B got=C
want=B got=C
want=B got=B
want=B got=B
want=B got=C
Label=A Precision=6/15 Recall=6/31
Label=B Precision=38/48 Recall=38/75
Label=C Precision=0/43 Recall=0/0