want=A got=A
want=B got=A
want=A got=C
want=A got=A
want=B got=B
want=B got=B
want=B got=C
want=B got=C
want=B got=C
want=B got=C
want=B got=B
want=A got=B
want=B got=C
want=B got=C
want=B got=C
want=B got=C
want=A got=C
want=A got=C
want=B got=B
want=B got=B
want=A got=B
want=B got=C
want=B got=C
want=B got=B
want=B got=B
want=B got=C
want=A got=A
want=A got=C
want=B got=B
want=B got=B
want=B got=C
want=B got=B
want=B got=B
want=B got=B
want=A got=C
want=A got=C
want=A got=C
want=A got=A
want=B got=C
want=A got=C
want=B got=B
want=B got=C
want=B got=C
want=A got=C
want=B got=B
want=B got=C
want=A got=C
want=B got=B
want=A got=C
want=B got=C
want=B got=B
want=A got=C
want=B got=B
want=A got=B
want=B got=B
want=A got=C
want=B got=C
want=A got=A
want=A got=C
want=B got=C
want=A got=C
want=B got=B
want=B got=B
want=B got=B
want=B got=C
want=B got=C
want=B got=C
want=B got=C
want=B got=B
want=A got=A
want=B got=C
want=B got=B
want=A got=C
want=B got=C
want=B got=C
want=A got=B
want=B got=B
want=A got=B
want=B got=B
want=B got=C
want=B got=B
want=A got=C
want=B got=B
want=A got=C
want=B got=C
want=B got=B
want=B got=C
want=B got=C
want=B got=A
want=B got=B
want=B got=C
want=B got=C
want=B got=B
want=B got=B
want=A got=B
want=B got=B
want=B got=C
want=A got=A
want=B got=C
want=B got=B
want=B got=B
want=B got=C
want=B got=C
want=B got=B
want=B got=B
want=B got=C
Label=A Precision=7/9 Recall=7/31
Label=B Precision=36/42 Recall=36/75
Label=C Precision=0/55 Recall=0/0