want=A got=A
want=B got=C
want=A got=C
want=A got=C
want=B got=B
want=B got=B
want=B got=C
want=B got=C
want=B got=A
want=B got=C
want=B got=B
want=A got=B
want=B got=A
want=B got=C
want=B got=C
want=B got=C
want=A got=B
want=A got=C
want=B got=B
want=B got=B
want=A got=C
want=B got=C
want=B got=C
want=B got=B
want=B got=B
want=B got=C
want=A got=C
want=A got=A
want=B got=B
want=B got=B
want=B got=C
want=B got=B
want=B got=B
want=B got=B
want=A got=C
want=A got=B
want=A got=C
want=A got=C
want=B got=C
want=A got=A
want=B got=B
want=B got=B
want=B got=B
want=A got=B
want=B got=B
want=B got=A
want=A got=C
want=B got=B
want=A got=B
want=B got=A
want=B got=B
want=A got=C
want=B got=B
want=A got=B
want=B got=B
want=A got=C
want=B got=A
want=A got=A
want=A got=C
want=B got=A
want=A got=A
want=B got=B
want=B got=B
want=B got=B
want=B got=C
want=B got=A
want=B got=C
want=B got=C
want=B got=B
want=A got=A
want=B got=C
want=B got=B
want=A got=C
want=B got=C
want=B got=C
want=A got=C
want=B got=B
want=A got=B
want=B got=B
want=B got=C
want=B got=C
want=A got=A
want=B got=B
want=A got=B
want=B got=B
want=B got=B
want=B got=C
want=B got=C
want=B got=A
want=B got=B
want=B got=C
want=B got=C
want=B got=B
want=B got=B
want=A got=B
want=B got=B
want=B got=B
want=A got=A
want=B got=C
want=B got=B
want=B got=B
want=B got=C
want=B got=C
want=B got=B
want=B got=B
want=B got=C
Label=A Precision=8/16 Recall=8/31
Label=B Precision=39/48 Recall=39/75
Label=C Precision=0/42 Recall=0/0